{"name": "тест создание пользоватиеля", "status": "failed", "statusDetails": {"message": "AssertionError: неудача\nassert 'https://demo...ount/register' == 'https://demo...count/success'\n  Skipping 40 identical leading characters in diff, use -v to show\n  - e=account/success\n  + e=account/register", "trace": "self = <test_e2e.TestOpenCart object at 0x7f7d8e8bd880>, browser = <selenium.webdriver.chrome.webdriver.WebDriver (session=\"777638d272f5f7364f37665e2a66149e\")>\n\n    @allure.description(\"\"\"Проверка согдания пользователя\"\"\")\n    @allure.title('тест создание пользоватиеля')\n    def test_registration(self, browser):\n        RegisterPage(browser). \\\n            forward_to_url(RegisterPage.URL_REGISTER). \\\n            fill_form(myFactory.name(), myFactory.email()). \\\n            agree_polycy(). \\\n            click_continue()\n>       assert browser.current_url == \"https://demo.opencart.com/index.php?route=account/success\", 'неудача'\nE       AssertionError: неудача\nE       assert 'https://demo...ount/register' == 'https://demo...count/success'\nE         Skipping 40 identical leading characters in diff, use -v to show\nE         - e=account/success\nE         + e=account/register\n\ntests/test_e2e.py:21: AssertionError"}, "description": "Проверка согдания пользователя", "attachments": [{"name": "log", "source": "7c7b662e-015d-4aee-be89-71e0dc83641f-attachment.txt", "type": "text/plain"}], "start": 1626542489954, "stop": 1626542494936, "uuid": "b9db446b-7577-499e-816b-f72b72f3cc2f", "historyId": "aed298faa5e25175c0bfdf34d11485d0", "testCaseId": "4a079ad51d2fc08f68634bf6f05f124d", "fullName": "tests.test_e2e.TestOpenCart#test_registration", "labels": [{"name": "tag", "value": "@pytest.mark.usefixtures('loging')"}, {"name": "parentSuite", "value": "tests"}, {"name": "suite", "value": "test_e2e"}, {"name": "subSuite", "value": "TestOpenCart"}, {"name": "host", "value": "ryzenB450"}, {"name": "thread", "value": "47134-MainThread"}, {"name": "framework", "value": "pytest"}, {"name": "language", "value": "cpython3"}, {"name": "package", "value": "tests.test_e2e"}]}